<?xml version="1.0" encoding="UTF-8"?>
<!-- Generated by org.testng.reporters.JUnitXMLReporter -->
<testsuite ignored="0" hostname="DESKTOP-VIGFU4K" failures="1" tests="4" name="Command line test" time="0.104" errors="0" timestamp="2020-02-26T19:15:32 IST">
  <testcase classname="qaclickacademy.RestAPITest" name="restapitest1" time="0.006"/>
  <testcase classname="qaclickacademy.RestAPITest" name="restapitest2" time="0.0"/>
  <testcase classname="qaclickacademy.seleniumTest" name="seltest1" time="0.005">
    <failure type="java.lang.AssertionError" message="expected [true] but found [false]">
      <![CDATA[java.lang.AssertionError: expected [true] but found [false]
at qaclickacademy.seleniumTest.seltest1(seleniumTest.java:13)
at java.base/java.util.ArrayList.forEach(ArrayList.java:1507)
... Removed 41 stack frames]]>
    </failure>
  </testcase> <!-- seltest1 -->
  <testcase classname="qaclickacademy.seleniumTest" name="seltest2" time="0.0"/>
</testsuite> <!-- Command line test -->
